  stdafx.cpp
  SudokuApp.cpp
c:\users\philippkroll\source\repos\sudoku\sudokulib\bitmanipulation.h(70): warning C4067: Unerwartete Token nach Präprozessordirektive - Zeilenvorschub erwartet.
c:\users\philippkroll\source\repos\sudoku\sudokulib\bitmanipulation.h(78): warning C4067: Unerwartete Token nach Präprozessordirektive - Zeilenvorschub erwartet.
c:\users\philippkroll\source\repos\sudoku\sudokulib\array.h(12): warning C4067: Unerwartete Token nach Präprozessordirektive - Zeilenvorschub erwartet.
c:\users\philippkroll\source\repos\sudoku\sudokulib\array.h(24): warning C4083: "(" erwartet; Bezeichner "count" gefunden
  c:\users\philippkroll\source\repos\sudoku\sudokulib\array.h(42): note: Siehe Verweis auf die Klasse Vorlage-Instanziierung "ds::FixedSizeArray<t_size,t_tau>", die kompiliert wird.
c:\users\philippkroll\source\repos\sudoku\sudokulib\array.h(47): warning C4067: Unerwartete Token nach Präprozessordirektive - Zeilenvorschub erwartet.
c:\users\philippkroll\source\repos\sudoku\sudokulib\array.h(77): warning C4067: Unerwartete Token nach Präprozessordirektive - Zeilenvorschub erwartet.
c:\users\philippkroll\source\repos\sudoku\sudokulib\array.h(104): warning C4067: Unerwartete Token nach Präprozessordirektive - Zeilenvorschub erwartet.
c:\users\philippkroll\source\repos\sudoku\sudokulib\array.h(136): warning C4067: Unerwartete Token nach Präprozessordirektive - Zeilenvorschub erwartet.
c:\users\philippkroll\source\repos\sudoku\sudokuapp\sudokuapp.cpp(39): warning C4297: "getInt": Die Funktion löst eine unerwartete Ausnahme aus
  c:\users\philippkroll\source\repos\sudoku\sudokuapp\sudokuapp.cpp(39): note: __declspec(nothrow), throw(), noexcept(true) oder noexcept wurde für die Funktion angegeben
c:\users\philippkroll\source\repos\sudoku\sudokuapp\sudokuapp.cpp(58): warning C4101: "n": Unreferenzierte lokale Variable
c:\users\philippkroll\source\repos\sudoku\sudokulib\sudoku.h(165): warning C4244: "=": Konvertierung von "__int64" in "double", möglicher Datenverlust
  c:\users\philippkroll\source\repos\sudoku\sudokulib\sudoku.h(156): note: Bei der Kompilierung von Klasse Vorlage der Report Sudoku<9,4>::solve(void)-Memberfunktion
  c:\users\philippkroll\source\repos\sudoku\sudokuapp\sudokuapp.cpp(122): note: Siehe Verweis auf die Instanziierung der gerade kompilierten Funktions-Vorlage "Report Sudoku<9,4>::solve(void)".
  c:\users\philippkroll\source\repos\sudoku\sudokuapp\sudokuapp.cpp(101): note: Siehe Verweis auf die Klasse Vorlage-Instanziierung "Sudoku<9,4>", die kompiliert wird.
c:\users\philippkroll\source\repos\sudoku\sudokulib\array.h(91): warning C4244: "return": Konvertierung von "uint64_t" in "uint32_t", möglicher Datenverlust
  c:\users\philippkroll\source\repos\sudoku\sudokulib\array.h(91): note: Bei der Kompilierung von Klasse Vorlage der uint32_t ds::FixedSizeArray2D<9,4>::get(uint64_t,uint64_t) const-Memberfunktion
  c:\users\philippkroll\source\repos\sudoku\sudokulib\sudoku.h(322): note: Siehe Verweis auf die Instanziierung der gerade kompilierten Funktions-Vorlage "uint32_t ds::FixedSizeArray2D<9,4>::get(uint64_t,uint64_t) const".
  c:\users\philippkroll\source\repos\sudoku\sudokulib\sudoku.h(43): note: Siehe Verweis auf die Klasse Vorlage-Instanziierung "ds::FixedSizeArray2D<9,4>", die kompiliert wird.
c:\users\philippkroll\source\repos\sudoku\sudokulib\sudoku.h(134): warning C4101: "s": Unreferenzierte lokale Variable
  c:\users\philippkroll\source\repos\sudoku\sudokulib\sudoku.h(114): note: Bei der Kompilierung von Klasse Vorlage der bool Sudoku<9,4>::solve(uint32_t,uint32_t,Report &)-Memberfunktion
  c:\users\philippkroll\source\repos\sudoku\sudokulib\sudoku.h(162): note: Siehe Verweis auf die Instanziierung der gerade kompilierten Funktions-Vorlage "bool Sudoku<9,4>::solve(uint32_t,uint32_t,Report &)".
  c:\users\philippkroll\source\repos\sudoku\sudokulib\sudoku.h(156): note: Bei der Kompilierung von Klasse Vorlage der Report Sudoku<9,4>::solve(void)-Memberfunktion
  c:\users\philippkroll\source\repos\sudoku\sudokuapp\sudokuapp.cpp(122): note: Siehe Verweis auf die Instanziierung der gerade kompilierten Funktions-Vorlage "Report Sudoku<9,4>::solve(void)".
c:\users\philippkroll\source\repos\sudoku\sudokulib\sudoku.h(289): warning C4244: "return": Konvertierung von "uint64_t" in "uint32_t", möglicher Datenverlust
  c:\users\philippkroll\source\repos\sudoku\sudokulib\sudoku.h(288): note: Bei der Kompilierung von Klasse Vorlage der uint32_t Sudoku<9,4>::length(void) const-Memberfunktion
  c:\users\philippkroll\source\repos\sudoku\sudokulib\sudoku.h(309): note: Siehe Verweis auf die Instanziierung der gerade kompilierten Funktions-Vorlage "uint32_t Sudoku<9,4>::length(void) const".
  SudokuApp.vcxproj -> C:\Users\PhilippKroll\Source\Repos\Sudoku\x64\Debug\SudokuApp.exe
